app/build/intermediates/manifest_merge_blame_file/debug/manifest-merger-blame-debug-report.txt
1<?xml version="1.0" encoding="utf-8"?>
2<manifest xmlns:android="http://schemas.android.com/apk/res/android"
3    package="com.azhar.moviedb"
4    android:versionCode="1"
5    android:versionName="1.0" >
6
7    <uses-sdk
8        android:minSdkVersion="21"
8-->src\main\AndroidManifest.xml
9        android:targetSdkVersion="29" />
9-->src\main\AndroidManifest.xml
10
11    <uses-permission android:name="android.permission.INTERNET" />
11-->src\main\AndroidManifest.xml:6:5-67
11-->src\main\AndroidManifest.xml:6:22-64
12    <uses-permission android:name="android.permission.WAKE_LOCK" />
12-->src\main\AndroidManifest.xml:7:5-68
12-->src\main\AndroidManifest.xml:7:22-65
13    <uses-permission android:name="android.permission.VIBRATE" />
13-->src\main\AndroidManifest.xml:8:5-66
13-->src\main\AndroidManifest.xml:8:22-63
14    <uses-permission android:name="android.permission.ACCESS_NETWORK_STATE" />
14-->[io.realm:realm-android-library-object-server:5.1.0] AndroidManifest.xml:10:5-79
14-->[io.realm:realm-android-library-object-server:5.1.0] AndroidManifest.xml:10:22-76
15
16    <application
16-->src\main\AndroidManifest.xml:10:5-30:19
17        android:allowBackup="true"
17-->src\main\AndroidManifest.xml:11:9-35
18        android:appComponentFactory="androidx.core.app.CoreComponentFactory"
18-->[androidx.core:core:1.3.0] AndroidManifest.xml:24:18-86
19        android:debuggable="true"
20        android:icon="@mipmap/ic_launcher"
20-->src\main\AndroidManifest.xml:12:9-43
21        android:label="@string/app_name"
21-->src\main\AndroidManifest.xml:13:9-41
22        android:roundIcon="@mipmap/ic_launcher_round"
22-->src\main\AndroidManifest.xml:14:9-54
23        android:supportsRtl="true"
23-->src\main\AndroidManifest.xml:15:9-35
24        android:testOnly="true"
25        android:theme="@style/AppTheme"
25-->src\main\AndroidManifest.xml:16:9-40
26        android:usesCleartextTraffic="true" >
26-->src\main\AndroidManifest.xml:17:9-44
27        <activity android:name="com.azhar.peliculas.activities.DetailMovieActivity" />
27-->src\main\AndroidManifest.xml:18:9-87
27-->src\main\AndroidManifest.xml:18:19-84
28        <activity
28-->src\main\AndroidManifest.xml:19:9-28:20
29            android:name="com.azhar.peliculas.activities.MainActivity"
29-->src\main\AndroidManifest.xml:20:13-71
30            android:configChanges="keyboardHidden|orientation|screenSize"
30-->src\main\AndroidManifest.xml:21:13-74
31            android:windowSoftInputMode="adjustPan" >
31-->src\main\AndroidManifest.xml:22:13-52
32            <intent-filter>
32-->src\main\AndroidManifest.xml:23:13-27:29
33                <action android:name="android.intent.action.MAIN" />
33-->src\main\AndroidManifest.xml:24:17-69
33-->src\main\AndroidManifest.xml:24:25-66
34
35                <category android:name="android.intent.category.LAUNCHER" />
35-->src\main\AndroidManifest.xml:26:17-77
35-->src\main\AndroidManifest.xml:26:27-74
36            </intent-filter>
37        </activity>
38
39        <provider
39-->[androidx.lifecycle:lifecycle-process:2.2.0] AndroidManifest.xml:25:9-29:43
40            android:name="androidx.lifecycle.ProcessLifecycleOwnerInitializer"
40-->[androidx.lifecycle:lifecycle-process:2.2.0] AndroidManifest.xml:26:13-79
41            android:authorities="com.azhar.moviedb.lifecycle-process"
41-->[androidx.lifecycle:lifecycle-process:2.2.0] AndroidManifest.xml:27:13-69
42            android:exported="false"
42-->[androidx.lifecycle:lifecycle-process:2.2.0] AndroidManifest.xml:28:13-37
43            android:multiprocess="true" />
43-->[androidx.lifecycle:lifecycle-process:2.2.0] AndroidManifest.xml:29:13-40
44    </application>
45
46</manifest>